
> voice-transcription-pipeline@1.0.0 dev
> concurrently "npm run dev-renderer" "npm run dev-electron"

[0] 
[0] > voice-transcription-pipeline@1.0.0 dev-renderer
[0] > vite --port 3000
[0] 
[1] 
[1] > voice-transcription-pipeline@1.0.0 dev-electron
[1] > wait-on http://localhost:3000 && NODE_ENV=development electron . --enable-logging
[1] 
[0] [33mThe CJS build of Vite's Node API is deprecated. See https://vite.dev/guide/troubleshooting.html#vite-cjs-node-api-deprecated for more details.[39m
[0] 
[0]   VITE v5.4.19  ready in 81 ms
[0] 
[0]   ➜  Local:   http://localhost:3000/
[0]   ➜  Network: use --host to expose
[1] [62183:1017/085440.720415:WARNING:electron_api_native_image.cc(194)] Failed to load image from path '/Users/tiurihartog/Hackerman/THE APP V2.0/frontend/build/icon.icns'
[1] [62183:1017/085440.988328:INFO:CONSOLE(364)] "Electron API exposed successfully", source:  (364)
[1] [62183:1017/085440.988350:INFO:CONSOLE(365)] "Available APIs: system,file,dialog,assets,pipeline,app,theme,on,utils", source:  (365)
[1] [62183:1017/085441.038078:INFO:CONSOLE(495)] "[vite] connecting...", source: http://localhost:3000/@vite/client (495)
[1] [62183:1017/085441.049469:INFO:CONSOLE(618)] "[vite] connected.", source: http://localhost:3000/@vite/client (618)
[1] [62183:1017/085441.073526:INFO:CONSOLE(21551)] "%cDownload the React DevTools for a better development experience: https://reactjs.org/link/react-devtools font-weight:bold", source: http://localhost:3000/node_modules/.vite/deps/chunk-PJEEZAML.js?v=9d27a732 (21551)
[1] [62183:1017/085441.081384:INFO:CONSOLE(403)] "Voice Transcription Pipeline - Development Mode", source:  (403)
[1] [62183:1017/085441.081406:INFO:CONSOLE(404)] "Platform: [object Object]", source:  (404)
[1] [62183:1017/085441.081415:INFO:CONSOLE(405)] "Available Electron APIs: system,file,dialog,assets,pipeline,app,theme,on,utils", source:  (405)
[1] [62183:1017/085441.100731:INFO:CONSOLE(381)] "🏗️ App component mounted, calling fetchFiles...", source: http://localhost:3000/App.tsx (381)
[1] [62183:1017/085441.100817:INFO:CONSOLE(299)] "🔄 fetchFiles called", source: http://localhost:3000/App.tsx (299)
[1] [62183:1017/085441.100827:INFO:CONSOLE(305)] "📡 Making API request to /api/files/", source: http://localhost:3000/App.tsx (305)
[1] [62183:1017/085441.101241:INFO:CONSOLE(386)] "📊 Setting up polling interval: 1500ms (processing: true)", source: http://localhost:3000/App.tsx (386)
[1] [62183:1017/085441.101250:INFO:CONSOLE(392)] "🛑 Clearing polling interval", source: http://localhost:3000/App.tsx (392)
[1] [62183:1017/085441.101760:INFO:CONSOLE(381)] "🏗️ App component mounted, calling fetchFiles...", source: http://localhost:3000/App.tsx (381)
[1] [62183:1017/085441.101773:INFO:CONSOLE(299)] "🔄 fetchFiles called", source: http://localhost:3000/App.tsx (299)
[1] [62183:1017/085441.101781:INFO:CONSOLE(305)] "📡 Making API request to /api/files/", source: http://localhost:3000/App.tsx (305)
[1] [62183:1017/085441.101788:INFO:CONSOLE(386)] "📊 Setting up polling interval: 1500ms (processing: true)", source: http://localhost:3000/App.tsx (386)
[1] [62183:1017/085441.106364:INFO:CONSOLE(2)] "%cElectron Security Warning (Disabled webSecurity) font-weight: bold; This renderer process has "webSecurity" disabled. This
[1]   exposes users of this app to severe security risks.
[1] 
[1] For more information and help, consult
[1] https://electronjs.org/docs/tutorial/security.
[1] This warning will not show up
[1] once the app is packaged.", source: node:electron/js2c/sandbox_bundle (2)
[1] [62183:1017/085441.106574:INFO:CONSOLE(2)] "%cElectron Security Warning (Insecure Content-Security-Policy) font-weight: bold; This renderer process has either no Content Security
[1]   Policy set or a policy with "unsafe-eval" enabled. This exposes users of
[1]   this app to unnecessary security risks.
[1] 
[1] For more information and help, consult
[1] https://electronjs.org/docs/tutorial/security.
[1] This warning will not show up
[1] once the app is packaged.", source: node:electron/js2c/sandbox_bundle (2)
[1] [62183:1017/085441.211781:INFO:CONSOLE(311)] "📥 API response data: [object Object],[object Object],[object Object]", source: http://localhost:3000/App.tsx (311)
[1] [62183:1017/085441.211811:INFO:CONSOLE(324)] "✅ Setting pipeline files: [object Object],[object Object],[object Object]", source: http://localhost:3000/App.tsx (324)
[1] [62183:1017/085441.211825:INFO:CONSOLE(311)] "📥 API response data: [object Object],[object Object],[object Object]", source: http://localhost:3000/App.tsx (311)
[1] [62183:1017/085441.211832:INFO:CONSOLE(324)] "✅ Setting pipeline files: [object Object],[object Object],[object Object]", source: http://localhost:3000/App.tsx (324)
[1] [62183:1017/085441.211847:INFO:CONSOLE(392)] "🛑 Clearing polling interval", source: http://localhost:3000/App.tsx (392)
[1] [62183:1017/085441.211855:INFO:CONSOLE(386)] "📊 Setting up polling interval: 3000ms (processing: false)", source: http://localhost:3000/App.tsx (386)
[1] [62183:1017/085441.211876:INFO:CONSOLE(133)] "total-load-time: 92.00ms", source: http://localhost:3000/src/main.tsx (133)
[1] [62183:1017/085441.211883:INFO:CONSOLE(133)] "react-load-time: 1.00ms", source: http://localhost:3000/src/main.tsx (133)
[1] [62183:1017/085441.282162:WARNING:CONSOLE(2)] "%cElectron Security Warning (Insecure Content-Security-Policy) font-weight: bold; This renderer process has either no Content Security
[1]   Policy set or a policy with "unsafe-eval" enabled. This exposes users of
[1]   this app to unnecessary security risks.
[1] 
[1] For more information and help, consult
[1] https://electronjs.org/docs/tutorial/security.
[1] This warning will not show up
[1] once the app is packaged.", source: node:electron/js2c/sandbox_bundle (2)
[1] [62183:1017/085442.009693:ERROR:CONSOLE(1)] "Uncaught (in promise) TypeError: Failed to fetch", source: devtools://devtools/bundled/panels/elements/elements.js (1)
[1] [62183:1017/085442.219159:INFO:CONSOLE(69)] "Failed to fetch system data: ReferenceError: setError is not defined", source: http://localhost:3000/shared/SystemResourceMonitor.tsx (69)
[1] [62183:1017/085443.222207:INFO:CONSOLE(69)] "Failed to fetch system data: ReferenceError: setError is not defined", source: http://localhost:3000/shared/SystemResourceMonitor.tsx (69)
[1] [62183:1017/085444.149123:INFO:CONSOLE(388)] "🔄 Polling files (interval: 3000ms)", source: http://localhost:3000/App.tsx (388)
[1] [62183:1017/085445.115455:INFO:CONSOLE(69)] "Failed to fetch system data: ReferenceError: setError is not defined", source: http://localhost:3000/shared/SystemResourceMonitor.tsx (69)
[1] [62183:1017/085446.382682:INFO:CONSOLE(421)] "🗑️ Deleting file: 22d290b1-316e-4af6-842b-ccf401438ab0", source: http://localhost:3000/App.tsx (421)
[1] [62183:1017/085446.393576:INFO:CONSOLE(431)] "✅ File deleted successfully: [object Object]", source: http://localhost:3000/App.tsx (431)
[1] [62183:1017/085446.393605:INFO:CONSOLE(299)] "🔄 fetchFiles called", source: http://localhost:3000/App.tsx (299)
[1] [62183:1017/085446.393617:INFO:CONSOLE(305)] "📡 Making API request to /api/files/", source: http://localhost:3000/App.tsx (305)
[1] [62183:1017/085446.399730:INFO:CONSOLE(311)] "📥 API response data: [object Object],[object Object]", source: http://localhost:3000/App.tsx (311)
[1] [62183:1017/085446.399860:INFO:CONSOLE(324)] "✅ Setting pipeline files: [object Object],[object Object]", source: http://localhost:3000/App.tsx (324)
[1] [62183:1017/085447.149592:INFO:CONSOLE(388)] "🔄 Polling files (interval: 3000ms)", source: http://localhost:3000/App.tsx (388)
[1] [62183:1017/085447.962741:INFO:CONSOLE(171)] "🔍 handleFileSelect called", source: http://localhost:3000/features/upload/components/UploadTab.tsx (171)
[1] [62183:1017/085447.962839:INFO:CONSOLE(173)] "📁 Triggering file input click", source: http://localhost:3000/features/upload/components/UploadTab.tsx (173)
[1] [62183:1017/085448.775420:INFO:CONSOLE(69)] "Failed to fetch system data: ReferenceError: setError is not defined", source: http://localhost:3000/shared/SystemResourceMonitor.tsx (69)
[1] [62183:1017/085450.153464:INFO:CONSOLE(388)] "🔄 Polling files (interval: 3000ms)", source: http://localhost:3000/App.tsx (388)
[1] [62183:1017/085451.123453:INFO:CONSOLE(69)] "Failed to fetch system data: ReferenceError: setError is not defined", source: http://localhost:3000/shared/SystemResourceMonitor.tsx (69)
[1] [62183:1017/085453.148840:INFO:CONSOLE(388)] "🔄 Polling files (interval: 3000ms)", source: http://localhost:3000/App.tsx (388)
[1] [62183:1017/085454.079467:INFO:CONSOLE(253)] "📄 handleFileInputChange called", source: http://localhost:3000/features/upload/components/UploadTab.tsx (253)
[1] [62183:1017/085454.079490:INFO:CONSOLE(254)] "📁 Files selected: [object FileList]", source: http://localhost:3000/features/upload/components/UploadTab.tsx (254)
[1] [62183:1017/085454.079499:INFO:CONSOLE(256)] "✅ Processing 1 files", source: http://localhost:3000/features/upload/components/UploadTab.tsx (256)
[1] [62183:1017/085454.112266:INFO:CONSOLE(69)] "Failed to fetch system data: ReferenceError: setError is not defined", source: http://localhost:3000/shared/SystemResourceMonitor.tsx (69)
[1] [62183:1017/085454.893258:INFO:CONSOLE(208)] "🚀 Uploading files to backend... [object Object]", source: http://localhost:3000/features/upload/components/UploadTab.tsx (208)
[1] [62183:1017/085455.321390:INFO:CONSOLE(226)] "✅ Upload successful! [object Object]", source: http://localhost:3000/features/upload/components/UploadTab.tsx (226)
[1] [62183:1017/085455.321437:INFO:CONSOLE(233)] "📤 Notifying parent of uploaded files: [object Object]", source: http://localhost:3000/features/upload/components/UploadTab.tsx (233)
[1] [62183:1017/085455.321468:INFO:CONSOLE(498)] "Add files to pipeline 1 conversation mode: false", source: http://localhost:3000/App.tsx (498)
[1] [62183:1017/085455.321491:INFO:CONSOLE(299)] "🔄 fetchFiles called", source: http://localhost:3000/App.tsx (299)
[1] [62183:1017/085455.321518:INFO:CONSOLE(305)] "📡 Making API request to /api/files/", source: http://localhost:3000/App.tsx (305)
[1] [62183:1017/085455.324530:INFO:CONSOLE(311)] "📥 API response data: [object Object],[object Object],[object Object]", source: http://localhost:3000/App.tsx (311)
[1] [62183:1017/085455.324623:INFO:CONSOLE(324)] "✅ Setting pipeline files: [object Object],[object Object],[object Object]", source: http://localhost:3000/App.tsx (324)
[1] [62183:1017/085456.522457:INFO:CONSOLE(388)] "🔄 Polling files (interval: 3000ms)", source: http://localhost:3000/App.tsx (388)
[1] [62183:1017/085457.539090:INFO:CONSOLE(69)] "Failed to fetch system data: ReferenceError: setError is not defined", source: http://localhost:3000/shared/SystemResourceMonitor.tsx (69)
[1] [62183:1017/085459.148050:INFO:CONSOLE(388)] "🔄 Polling files (interval: 3000ms)", source: http://localhost:3000/App.tsx (388)
[1] [62183:1017/085500.115650:INFO:CONSOLE(69)] "Failed to fetch system data: ReferenceError: setError is not defined", source: http://localhost:3000/shared/SystemResourceMonitor.tsx (69)
[1] [62183:1017/085501.591406:INFO:CONSOLE(454)] "Starting transcription: 698c006c-06f5-4747-9b50-96e47026c719 [object Object]", source: http://localhost:3000/App.tsx (454)
[1] [62183:1017/085501.599637:INFO:CONSOLE(456)] "Transcription started: [object Object]", source: http://localhost:3000/App.tsx (456)
[1] [62183:1017/085501.610936:INFO:CONSOLE(392)] "🛑 Clearing polling interval", source: http://localhost:3000/App.tsx (392)
[1] [62183:1017/085501.611012:INFO:CONSOLE(386)] "📊 Setting up polling interval: 1500ms (processing: true)", source: http://localhost:3000/App.tsx (386)
[1] [62183:1017/085502.101643:INFO:CONSOLE(299)] "🔄 fetchFiles called", source: http://localhost:3000/App.tsx (299)
[1] [62183:1017/085502.101711:INFO:CONSOLE(305)] "📡 Making API request to /api/files/", source: http://localhost:3000/App.tsx (305)
[1] [62183:1017/085502.112665:INFO:CONSOLE(311)] "📥 API response data: [object Object],[object Object],[object Object]", source: http://localhost:3000/App.tsx (311)
[1] [62183:1017/085502.112829:INFO:CONSOLE(324)] "✅ Setting pipeline files: [object Object],[object Object],[object Object]", source: http://localhost:3000/App.tsx (324)
[1] [62183:1017/085502.119550:INFO:CONSOLE(392)] "🛑 Clearing polling interval", source: http://localhost:3000/App.tsx (392)
[1] [62183:1017/085502.119603:INFO:CONSOLE(386)] "📊 Setting up polling interval: 3000ms (processing: false)", source: http://localhost:3000/App.tsx (386)
[1] [62183:1017/085503.124497:INFO:CONSOLE(69)] "Failed to fetch system data: ReferenceError: setError is not defined", source: http://localhost:3000/shared/SystemResourceMonitor.tsx (69)
[1] [62183:1017/085503.125306:INFO:CONSOLE(299)] "🔄 fetchFiles called", source: http://localhost:3000/App.tsx (299)
[1] [62183:1017/085503.125409:INFO:CONSOLE(305)] "📡 Making API request to /api/files/", source: http://localhost:3000/App.tsx (305)
[1] [62183:1017/085503.138974:INFO:CONSOLE(311)] "📥 API response data: [object Object],[object Object],[object Object]", source: http://localhost:3000/App.tsx (311)
[1] [62183:1017/085503.139272:INFO:CONSOLE(324)] "✅ Setting pipeline files: [object Object],[object Object],[object Object]", source: http://localhost:3000/App.tsx (324)
[1] [62183:1017/085505.120760:INFO:CONSOLE(388)] "🔄 Polling files (interval: 3000ms)", source: http://localhost:3000/App.tsx (388)
[1] [62183:1017/085506.119193:INFO:CONSOLE(69)] "Failed to fetch system data: ReferenceError: setError is not defined", source: http://localhost:3000/shared/SystemResourceMonitor.tsx (69)
[1] [62183:1017/085508.120913:INFO:CONSOLE(388)] "🔄 Polling files (interval: 3000ms)", source: http://localhost:3000/App.tsx (388)
[1] [62183:1017/085509.123446:INFO:CONSOLE(69)] "Failed to fetch system data: ReferenceError: setError is not defined", source: http://localhost:3000/shared/SystemResourceMonitor.tsx (69)
[1] [62183:1017/085511.120971:INFO:CONSOLE(388)] "🔄 Polling files (interval: 3000ms)", source: http://localhost:3000/App.tsx (388)
[1] [62183:1017/085512.124530:INFO:CONSOLE(69)] "Failed to fetch system data: ReferenceError: setError is not defined", source: http://localhost:3000/shared/SystemResourceMonitor.tsx (69)
[1] [62183:1017/085514.121929:INFO:CONSOLE(388)] "🔄 Polling files (interval: 3000ms)", source: http://localhost:3000/App.tsx (388)
[1] [62183:1017/085515.117381:INFO:CONSOLE(69)] "Failed to fetch system data: ReferenceError: setError is not defined", source: http://localhost:3000/shared/SystemResourceMonitor.tsx (69)
[1] [62183:1017/085517.121388:INFO:CONSOLE(388)] "🔄 Polling files (interval: 3000ms)", source: http://localhost:3000/App.tsx (388)
[1] [62183:1017/085518.118186:INFO:CONSOLE(69)] "Failed to fetch system data: ReferenceError: setError is not defined", source: http://localhost:3000/shared/SystemResourceMonitor.tsx (69)
[1] [62183:1017/085520.122742:INFO:CONSOLE(388)] "🔄 Polling files (interval: 3000ms)", source: http://localhost:3000/App.tsx (388)
[1] [62183:1017/085521.121221:INFO:CONSOLE(69)] "Failed to fetch system data: ReferenceError: setError is not defined", source: http://localhost:3000/shared/SystemResourceMonitor.tsx (69)
[1] [62183:1017/085523.121711:INFO:CONSOLE(388)] "🔄 Polling files (interval: 3000ms)", source: http://localhost:3000/App.tsx (388)
[1] [62183:1017/085524.122605:INFO:CONSOLE(69)] "Failed to fetch system data: ReferenceError: setError is not defined", source: http://localhost:3000/shared/SystemResourceMonitor.tsx (69)
[1] [62183:1017/085526.120474:INFO:CONSOLE(388)] "🔄 Polling files (interval: 3000ms)", source: http://localhost:3000/App.tsx (388)
[1] [62183:1017/085527.125827:INFO:CONSOLE(69)] "Failed to fetch system data: ReferenceError: setError is not defined", source: http://localhost:3000/shared/SystemResourceMonitor.tsx (69)
[1] [62183:1017/085529.121133:INFO:CONSOLE(388)] "🔄 Polling files (interval: 3000ms)", source: http://localhost:3000/App.tsx (388)
[1] [62183:1017/085530.121226:INFO:CONSOLE(69)] "Failed to fetch system data: ReferenceError: setError is not defined", source: http://localhost:3000/shared/SystemResourceMonitor.tsx (69)
[1] [62183:1017/085532.121753:INFO:CONSOLE(388)] "🔄 Polling files (interval: 3000ms)", source: http://localhost:3000/App.tsx (388)
[1] [62183:1017/085533.121699:INFO:CONSOLE(69)] "Failed to fetch system data: ReferenceError: setError is not defined", source: http://localhost:3000/shared/SystemResourceMonitor.tsx (69)
[1] [62183:1017/085535.120783:INFO:CONSOLE(388)] "🔄 Polling files (interval: 3000ms)", source: http://localhost:3000/App.tsx (388)
[1] [62183:1017/085536.120503:INFO:CONSOLE(69)] "Failed to fetch system data: ReferenceError: setError is not defined", source: http://localhost:3000/shared/SystemResourceMonitor.tsx (69)
[1] [62183:1017/085538.121531:INFO:CONSOLE(388)] "🔄 Polling files (interval: 3000ms)", source: http://localhost:3000/App.tsx (388)
[1] [62183:1017/085539.122428:INFO:CONSOLE(69)] "Failed to fetch system data: ReferenceError: setError is not defined", source: http://localhost:3000/shared/SystemResourceMonitor.tsx (69)
[1] [62183:1017/085541.121482:INFO:CONSOLE(388)] "🔄 Polling files (interval: 3000ms)", source: http://localhost:3000/App.tsx (388)
[1] [62183:1017/085542.125083:INFO:CONSOLE(69)] "Failed to fetch system data: ReferenceError: setError is not defined", source: http://localhost:3000/shared/SystemResourceMonitor.tsx (69)
[1] [62183:1017/085544.121161:INFO:CONSOLE(388)] "🔄 Polling files (interval: 3000ms)", source: http://localhost:3000/App.tsx (388)
[1] [62183:1017/085545.123981:INFO:CONSOLE(69)] "Failed to fetch system data: ReferenceError: setError is not defined", source: http://localhost:3000/shared/SystemResourceMonitor.tsx (69)
[1] [62183:1017/085547.122100:INFO:CONSOLE(388)] "🔄 Polling files (interval: 3000ms)", source: http://localhost:3000/App.tsx (388)
[1] [62183:1017/085548.124295:INFO:CONSOLE(69)] "Failed to fetch system data: ReferenceError: setError is not defined", source: http://localhost:3000/shared/SystemResourceMonitor.tsx (69)
[1] [62183:1017/085550.121762:INFO:CONSOLE(388)] "🔄 Polling files (interval: 3000ms)", source: http://localhost:3000/App.tsx (388)
[1] [62183:1017/085551.117356:INFO:CONSOLE(69)] "Failed to fetch system data: ReferenceError: setError is not defined", source: http://localhost:3000/shared/SystemResourceMonitor.tsx (69)
[1] [62183:1017/085553.122054:INFO:CONSOLE(388)] "🔄 Polling files (interval: 3000ms)", source: http://localhost:3000/App.tsx (388)
[1] [62183:1017/085554.122640:INFO:CONSOLE(69)] "Failed to fetch system data: ReferenceError: setError is not defined", source: http://localhost:3000/shared/SystemResourceMonitor.tsx (69)
[1] [62183:1017/085556.122440:INFO:CONSOLE(388)] "🔄 Polling files (interval: 3000ms)", source: http://localhost:3000/App.tsx (388)
[1] [62183:1017/085557.123195:INFO:CONSOLE(69)] "Failed to fetch system data: ReferenceError: setError is not defined", source: http://localhost:3000/shared/SystemResourceMonitor.tsx (69)
[1] [62183:1017/085559.121712:INFO:CONSOLE(388)] "🔄 Polling files (interval: 3000ms)", source: http://localhost:3000/App.tsx (388)
[1] [62183:1017/085600.115627:INFO:CONSOLE(69)] "Failed to fetch system data: ReferenceError: setError is not defined", source: http://localhost:3000/shared/SystemResourceMonitor.tsx (69)
[1] [62183:1017/085602.122218:INFO:CONSOLE(388)] "🔄 Polling files (interval: 3000ms)", source: http://localhost:3000/App.tsx (388)
[1] [62183:1017/085603.117304:INFO:CONSOLE(69)] "Failed to fetch system data: ReferenceError: setError is not defined", source: http://localhost:3000/shared/SystemResourceMonitor.tsx (69)
[1] [62183:1017/085605.122479:INFO:CONSOLE(388)] "🔄 Polling files (interval: 3000ms)", source: http://localhost:3000/App.tsx (388)
[1] [62183:1017/085606.123939:INFO:CONSOLE(69)] "Failed to fetch system data: ReferenceError: setError is not defined", source: http://localhost:3000/shared/SystemResourceMonitor.tsx (69)
[1] [62183:1017/085608.121079:INFO:CONSOLE(388)] "🔄 Polling files (interval: 3000ms)", source: http://localhost:3000/App.tsx (388)
[1] [62183:1017/085609.124647:INFO:CONSOLE(69)] "Failed to fetch system data: ReferenceError: setError is not defined", source: http://localhost:3000/shared/SystemResourceMonitor.tsx (69)
[1] [62183:1017/085611.122988:INFO:CONSOLE(388)] "🔄 Polling files (interval: 3000ms)", source: http://localhost:3000/App.tsx (388)
[1] [62183:1017/085612.120632:INFO:CONSOLE(69)] "Failed to fetch system data: ReferenceError: setError is not defined", source: http://localhost:3000/shared/SystemResourceMonitor.tsx (69)
[1] [62183:1017/085614.121252:INFO:CONSOLE(388)] "🔄 Polling files (interval: 3000ms)", source: http://localhost:3000/App.tsx (388)
[1] [62183:1017/085615.119080:INFO:CONSOLE(69)] "Failed to fetch system data: ReferenceError: setError is not defined", source: http://localhost:3000/shared/SystemResourceMonitor.tsx (69)
[1] [62183:1017/085617.121858:INFO:CONSOLE(388)] "🔄 Polling files (interval: 3000ms)", source: http://localhost:3000/App.tsx (388)
[1] [62183:1017/085618.116540:INFO:CONSOLE(69)] "Failed to fetch system data: ReferenceError: setError is not defined", source: http://localhost:3000/shared/SystemResourceMonitor.tsx (69)
[1] [62183:1017/085620.121949:INFO:CONSOLE(388)] "🔄 Polling files (interval: 3000ms)", source: http://localhost:3000/App.tsx (388)
[1] [62183:1017/085621.121907:INFO:CONSOLE(69)] "Failed to fetch system data: ReferenceError: setError is not defined", source: http://localhost:3000/shared/SystemResourceMonitor.tsx (69)
[1] [62183:1017/085623.121593:INFO:CONSOLE(388)] "🔄 Polling files (interval: 3000ms)", source: http://localhost:3000/App.tsx (388)
[1] [62183:1017/085624.117535:INFO:CONSOLE(69)] "Failed to fetch system data: ReferenceError: setError is not defined", source: http://localhost:3000/shared/SystemResourceMonitor.tsx (69)
[1] [62183:1017/085626.122094:INFO:CONSOLE(388)] "🔄 Polling files (interval: 3000ms)", source: http://localhost:3000/App.tsx (388)
[1] [62183:1017/085627.119040:INFO:CONSOLE(69)] "Failed to fetch system data: ReferenceError: setError is not defined", source: http://localhost:3000/shared/SystemResourceMonitor.tsx (69)
[1] [62183:1017/085629.121894:INFO:CONSOLE(388)] "🔄 Polling files (interval: 3000ms)", source: http://localhost:3000/App.tsx (388)
[1] [62183:1017/085630.124916:INFO:CONSOLE(69)] "Failed to fetch system data: ReferenceError: setError is not defined", source: http://localhost:3000/shared/SystemResourceMonitor.tsx (69)
[1] [62183:1017/085632.121438:INFO:CONSOLE(388)] "🔄 Polling files (interval: 3000ms)", source: http://localhost:3000/App.tsx (388)
[1] [62183:1017/085633.124605:INFO:CONSOLE(69)] "Failed to fetch system data: ReferenceError: setError is not defined", source: http://localhost:3000/shared/SystemResourceMonitor.tsx (69)
[1] [62183:1017/085635.122485:INFO:CONSOLE(388)] "🔄 Polling files (interval: 3000ms)", source: http://localhost:3000/App.tsx (388)
[1] [62183:1017/085636.115492:INFO:CONSOLE(69)] "Failed to fetch system data: ReferenceError: setError is not defined", source: http://localhost:3000/shared/SystemResourceMonitor.tsx (69)
[1] [62183:1017/085638.121771:INFO:CONSOLE(388)] "🔄 Polling files (interval: 3000ms)", source: http://localhost:3000/App.tsx (388)
[1] [62183:1017/085639.124413:INFO:CONSOLE(69)] "Failed to fetch system data: ReferenceError: setError is not defined", source: http://localhost:3000/shared/SystemResourceMonitor.tsx (69)
[1] [62183:1017/085641.121596:INFO:CONSOLE(388)] "🔄 Polling files (interval: 3000ms)", source: http://localhost:3000/App.tsx (388)
[1] [62183:1017/085642.120064:INFO:CONSOLE(69)] "Failed to fetch system data: ReferenceError: setError is not defined", source: http://localhost:3000/shared/SystemResourceMonitor.tsx (69)
[1] [62183:1017/085644.121648:INFO:CONSOLE(388)] "🔄 Polling files (interval: 3000ms)", source: http://localhost:3000/App.tsx (388)
[1] [62183:1017/085645.119353:INFO:CONSOLE(69)] "Failed to fetch system data: ReferenceError: setError is not defined", source: http://localhost:3000/shared/SystemResourceMonitor.tsx (69)
[1] [62183:1017/085647.123574:INFO:CONSOLE(388)] "🔄 Polling files (interval: 3000ms)", source: http://localhost:3000/App.tsx (388)
[1] [62183:1017/085648.114441:INFO:CONSOLE(69)] "Failed to fetch system data: ReferenceError: setError is not defined", source: http://localhost:3000/shared/SystemResourceMonitor.tsx (69)
[1] [62183:1017/085650.121608:INFO:CONSOLE(388)] "🔄 Polling files (interval: 3000ms)", source: http://localhost:3000/App.tsx (388)
[1] [62183:1017/085651.118878:INFO:CONSOLE(69)] "Failed to fetch system data: ReferenceError: setError is not defined", source: http://localhost:3000/shared/SystemResourceMonitor.tsx (69)
[1] [62183:1017/085653.121069:INFO:CONSOLE(388)] "🔄 Polling files (interval: 3000ms)", source: http://localhost:3000/App.tsx (388)
[1] [62183:1017/085654.119377:INFO:CONSOLE(69)] "Failed to fetch system data: ReferenceError: setError is not defined", source: http://localhost:3000/shared/SystemResourceMonitor.tsx (69)
[1] [62183:1017/085656.122880:INFO:CONSOLE(388)] "🔄 Polling files (interval: 3000ms)", source: http://localhost:3000/App.tsx (388)
[1] [62183:1017/085657.118837:INFO:CONSOLE(69)] "Failed to fetch system data: ReferenceError: setError is not defined", source: http://localhost:3000/shared/SystemResourceMonitor.tsx (69)
[1] [62183:1017/085659.122634:INFO:CONSOLE(388)] "🔄 Polling files (interval: 3000ms)", source: http://localhost:3000/App.tsx (388)
[1] [62183:1017/085700.123176:INFO:CONSOLE(69)] "Failed to fetch system data: ReferenceError: setError is not defined", source: http://localhost:3000/shared/SystemResourceMonitor.tsx (69)
[1] [62183:1017/085702.121484:INFO:CONSOLE(388)] "🔄 Polling files (interval: 3000ms)", source: http://localhost:3000/App.tsx (388)
[1] [62183:1017/085703.121652:INFO:CONSOLE(69)] "Failed to fetch system data: ReferenceError: setError is not defined", source: http://localhost:3000/shared/SystemResourceMonitor.tsx (69)
[1] [62183:1017/085705.121220:INFO:CONSOLE(388)] "🔄 Polling files (interval: 3000ms)", source: http://localhost:3000/App.tsx (388)
[1] [62183:1017/085706.115247:INFO:CONSOLE(69)] "Failed to fetch system data: ReferenceError: setError is not defined", source: http://localhost:3000/shared/SystemResourceMonitor.tsx (69)
[1] [62183:1017/085708.121880:INFO:CONSOLE(388)] "🔄 Polling files (interval: 3000ms)", source: http://localhost:3000/App.tsx (388)
[1] [62183:1017/085709.120893:INFO:CONSOLE(69)] "Failed to fetch system data: ReferenceError: setError is not defined", source: http://localhost:3000/shared/SystemResourceMonitor.tsx (69)
[1] [62183:1017/085711.121508:INFO:CONSOLE(388)] "🔄 Polling files (interval: 3000ms)", source: http://localhost:3000/App.tsx (388)
[1] [62183:1017/085712.117727:INFO:CONSOLE(69)] "Failed to fetch system data: ReferenceError: setError is not defined", source: http://localhost:3000/shared/SystemResourceMonitor.tsx (69)
[1] [62183:1017/085714.125010:INFO:CONSOLE(388)] "🔄 Polling files (interval: 3000ms)", source: http://localhost:3000/App.tsx (388)
[1] [62183:1017/085715.115334:INFO:CONSOLE(69)] "Failed to fetch system data: ReferenceError: setError is not defined", source: http://localhost:3000/shared/SystemResourceMonitor.tsx (69)
[1] [62183:1017/085717.122475:INFO:CONSOLE(388)] "🔄 Polling files (interval: 3000ms)", source: http://localhost:3000/App.tsx (388)
[1] [62183:1017/085718.124050:INFO:CONSOLE(69)] "Failed to fetch system data: ReferenceError: setError is not defined", source: http://localhost:3000/shared/SystemResourceMonitor.tsx (69)
[1] [62183:1017/085720.121936:INFO:CONSOLE(388)] "🔄 Polling files (interval: 3000ms)", source: http://localhost:3000/App.tsx (388)
[1] [62183:1017/085721.123950:INFO:CONSOLE(69)] "Failed to fetch system data: ReferenceError: setError is not defined", source: http://localhost:3000/shared/SystemResourceMonitor.tsx (69)
[1] [62183:1017/085722.949452:INFO:CONSOLE(560)] "[vite] server connection lost. Polling for restart...", source: http://localhost:3000/@vite/client (560)
[0] npm run dev-renderer exited with code 0
[1] /Users/tiurihartog/Hackerman/THE APP V2.0/frontend/node_modules/electron/dist/Electron.app/Contents/MacOS/Electron exited with signal SIGTERM
[1] npm run dev-electron exited with code SIGTERM
